<?xml version="1.0" encoding="UTF-8"?>
<robot generator="Robot 3.1 (Python 3.6.2 on win32)" generated="20190322 14:20:37.192" rpa="false">
<suite id="s1" name="Tc" source="D:\project1\tc">
<suite id="s1-s1" name="D-空白数据" source="D:\project1\tc\d-空白数据">
<kw name="Run Keywords" library="BuiltIn" type="setup">
<doc>Executes all the given keywords in a sequence.</doc>
<arguments>
<arg>delete all students</arg>
<arg>AND</arg>
<arg>delete all teachers</arg>
<arg>AND</arg>
<arg>delete all school classes</arg>
</arguments>
<kw name="Delete All Students" library="pylib.StudentLib">
<msg timestamp="20190322 14:20:39.168" level="INFO">{'retcode': 0, 'retlist': []}
{'retcode': 0, 'retlist': []}
{'retcode': 0, 'retlist': []}
{'retcode': 0, 'retlist': []}</msg>
<status status="PASS" starttime="20190322 14:20:38.826" endtime="20190322 14:20:39.168"></status>
</kw>
<kw name="Delete All Teachers" library="pylib.TeacherLib">
<msg timestamp="20190322 14:20:39.370" level="INFO">{'retcode': 0, 'retlist': []}
{'retcode': 0, 'retlist': []}
{'retcode': 0, 'retlist': []}
{'retcode': 0, 'retlist': []}</msg>
<status status="PASS" starttime="20190322 14:20:39.168" endtime="20190322 14:20:39.370"></status>
</kw>
<kw name="Delete All School Classes" library="pylib.SchoolClassLib">
<msg timestamp="20190322 14:20:39.570" level="INFO">{'gradeid': None, 'retcode': 0, 'retlist': []}
{'gradeid': None, 'retcode': 0, 'retlist': []}
{'gradeid': 1, 'retcode': 0, 'retlist': []}
{'gradeid': 1, 'retcode': 0, 'retlist': []}</msg>
<status status="PASS" starttime="20190322 14:20:39.371" endtime="20190322 14:20:39.570"></status>
</kw>
<status status="PASS" starttime="20190322 14:20:38.826" endtime="20190322 14:20:39.570"></status>
</kw>
<suite id="s1-s1-s1" name="D-7年级1班" source="D:\project1\tc\d-空白数据\d-7年级1班">
<kw name="Add School Class" library="pylib.SchoolClassLib" type="setup">
<arguments>
<arg>${g_grade_7_id}</arg>
<arg>1班</arg>
<arg>60</arg>
<arg>suite_g7c1_classid</arg>
</arguments>
<msg timestamp="20190322 14:20:39.672" level="INFO">${suite_g7c1_classid} = 117865</msg>
<msg timestamp="20190322 14:20:39.672" level="INFO">{'id': 117865, 'invitecode': '1178651611330', 'retcode': 0}</msg>
<status status="PASS" starttime="20190322 14:20:39.578" endtime="20190322 14:20:39.672"></status>
</kw>
<suite id="s1-s1-s1-s1" name="D-数学老师张丽" source="D:\project1\tc\d-空白数据\d-7年级1班\d-数学老师张丽">
<kw name="Add Teacher" library="pylib.TeacherLib" type="setup">
<arguments>
<arg>zhang</arg>
<arg>张丽</arg>
<arg>${g_subject_math_id}</arg>
<arg>${suite_g7c1_classid}</arg>
<arg>13210252552</arg>
<arg>13210252552@qq.com</arg>
<arg>1313210252552</arg>
<arg>suite_math_teacherid</arg>
</arguments>
<msg timestamp="20190322 14:20:40.070" level="INFO">${suite_math_teacherid} = 31528</msg>
<msg timestamp="20190322 14:20:40.070" level="INFO">{'id': 31528, 'retcode': 0}</msg>
<status status="PASS" starttime="20190322 14:20:39.677" endtime="20190322 14:20:40.070"></status>
</kw>
<suite id="s1-s1-s1-s1-s1" name="D-学生大大" source="D:\project1\tc\d-空白数据\d-7年级1班\d-数学老师张丽\d-学生大大">
<kw name="Add Student" library="pylib.StudentLib" type="setup">
<arguments>
<arg>dada</arg>
<arg>大大</arg>
<arg>${g_grade_7_id}</arg>
<arg>${suite_g7c1_classid}</arg>
<arg>1566565545</arg>
<arg>suite_student_id</arg>
</arguments>
<msg timestamp="20190322 14:20:40.181" level="INFO">${suite_student_id} = 13081</msg>
<msg timestamp="20190322 14:20:40.181" level="INFO">{'id': 13081, 'retcode': 0}</msg>
<status status="PASS" starttime="20190322 14:20:40.077" endtime="20190322 14:20:40.181"></status>
</kw>
<suite id="s1-s1-s1-s1-s1-s1" name="Web操作" source="D:\project1\tc\d-空白数据\d-7年级1班\d-数学老师张丽\d-学生大大\web操作.robot">
<kw name="Open Browser" library="pylib.WebOpLib" type="setup">
<status status="PASS" starttime="20190322 14:20:41.353" endtime="20190322 14:20:49.152"></status>
</kw>
<test id="s1-s1-s1-s1-s1-s1-t1" name="老师发布作业1 - tc005101">
<kw name="Teacher Login" library="pylib.WebOpLib">
<arguments>
<arg>zhang</arg>
<arg>888888</arg>
</arguments>
<status status="PASS" starttime="20190322 14:20:49.154" endtime="20190322 14:20:58.838"></status>
</kw>
<kw name="Teacher Deliver Task" library="pylib.WebOpLib">
<arguments>
<arg>20190322数学作业</arg>
</arguments>
<msg timestamp="20190322 14:21:16.705" level="INFO">进入到下发任务窗口</msg>
<status status="PASS" starttime="20190322 14:20:58.839" endtime="20190322 14:21:16.705"></status>
</kw>
<kw name="Student Login" library="pylib.WebOpLib">
<arguments>
<arg>dada</arg>
<arg>888888</arg>
</arguments>
<status status="PASS" starttime="20190322 14:21:16.707" endtime="20190322 14:21:19.605"></status>
</kw>
<kw name="Student Do Exam" library="pylib.WebOpLib">
<status status="PASS" starttime="20190322 14:21:19.606" endtime="20190322 14:21:25.071"></status>
</kw>
<kw name="Teacher Login" library="pylib.WebOpLib">
<arguments>
<arg>zhang</arg>
<arg>888888</arg>
</arguments>
<status status="PASS" starttime="20190322 14:21:25.071" endtime="20190322 14:21:25.885"></status>
</kw>
<kw name="Teacher Get Latest Student Task" library="pylib.WebOpLib">
<assign>
<var>${answers}</var>
</assign>
<msg timestamp="20190322 14:21:30.346" level="INFO">['A', 'A', 'A']</msg>
<msg timestamp="20190322 14:21:30.346" level="INFO">${answers} = ['A', 'A', 'A']</msg>
<status status="PASS" starttime="20190322 14:21:25.886" endtime="20190322 14:21:30.346"></status>
</kw>
<kw name="Should Be True" library="BuiltIn">
<doc>Fails if the given condition is not true.</doc>
<arguments>
<arg>$answers==['A','A','A']</arg>
</arguments>
<status status="PASS" starttime="20190322 14:21:30.351" endtime="20190322 14:21:30.359"></status>
</kw>
<status status="PASS" starttime="20190322 14:20:49.153" endtime="20190322 14:21:30.359" critical="yes"></status>
</test>
<kw name="Close Browser" library="pylib.WebOpLib" type="teardown">
<status status="PASS" starttime="20190322 14:21:30.384" endtime="20190322 14:21:33.741"></status>
</kw>
<status status="PASS" starttime="20190322 14:20:40.181" endtime="20190322 14:21:33.741"></status>
</suite>
<kw name="Delete Student" library="pylib.StudentLib" type="teardown">
<arguments>
<arg>${suite_student_id}</arg>
</arguments>
<msg timestamp="20190322 14:21:33.991" level="INFO">{'retcode': 0}</msg>
<status status="PASS" starttime="20190322 14:21:33.746" endtime="20190322 14:21:33.991"></status>
</kw>
<status status="PASS" starttime="20190322 14:20:40.070" endtime="20190322 14:21:33.991"></status>
</suite>
<kw name="Delete Teacher" library="pylib.TeacherLib" type="teardown">
<arguments>
<arg>${suite_math_teacherid}</arg>
</arguments>
<msg timestamp="20190322 14:21:34.123" level="INFO">{'retcode': 0}</msg>
<status status="PASS" starttime="20190322 14:21:34.004" endtime="20190322 14:21:34.123"></status>
</kw>
<status status="PASS" starttime="20190322 14:20:39.672" endtime="20190322 14:21:34.123"></status>
</suite>
<kw name="Delete School Class" library="pylib.SchoolClassLib" type="teardown">
<arguments>
<arg>${suite_g7c1_classid}</arg>
</arguments>
<status status="PASS" starttime="20190322 14:21:34.126" endtime="20190322 14:21:34.205"></status>
</kw>
<status status="PASS" starttime="20190322 14:20:39.570" endtime="20190322 14:21:34.205"></status>
</suite>
<status status="PASS" starttime="20190322 14:20:37.365" endtime="20190322 14:21:34.208"></status>
</suite>
<status status="PASS" starttime="20190322 14:20:37.195" endtime="20190322 14:21:34.211"></status>
</suite>
<statistics>
<total>
<stat pass="1" fail="0">Critical Tests</stat>
<stat pass="1" fail="0">All Tests</stat>
</total>
<tag>
</tag>
<suite>
<stat pass="1" fail="0" id="s1" name="Tc">Tc</stat>
<stat pass="1" fail="0" id="s1-s1" name="D-空白数据">Tc.D-空白数据</stat>
<stat pass="1" fail="0" id="s1-s1-s1" name="D-7年级1班">Tc.D-空白数据.D-7年级1班</stat>
<stat pass="1" fail="0" id="s1-s1-s1-s1" name="D-数学老师张丽">Tc.D-空白数据.D-7年级1班.D-数学老师张丽</stat>
<stat pass="1" fail="0" id="s1-s1-s1-s1-s1" name="D-学生大大">Tc.D-空白数据.D-7年级1班.D-数学老师张丽.D-学生大大</stat>
<stat pass="1" fail="0" id="s1-s1-s1-s1-s1-s1" name="Web操作">Tc.D-空白数据.D-7年级1班.D-数学老师张丽.D-学生大大.Web操作</stat>
</suite>
</statistics>
<errors>
</errors>
</robot>
